{"E:\\2022code\\learnts\\src\\getDataType.js": {"path":"E:\\2022code\\learnts\\src\\getDataType.js","statementMap":{"0":{"start":{"line":5,"column":15},"end":{"line":5,"column":28}},"1":{"start":{"line":6,"column":4},"end":{"line":10,"column":5}},"2":{"start":{"line":7,"column":8},"end":{"line":7,"column":104}},"3":{"start":{"line":9,"column":8},"end":{"line":9,"column":19}}},"fnMap":{"0":{"name":"getDataType","decl":{"start":{"line":4,"column":9},"end":{"line":4,"column":20}},"loc":{"start":{"line":4,"column":28},"end":{"line":11,"column":1}},"line":4}},"branchMap":{"0":{"loc":{"start":{"line":6,"column":4},"end":{"line":10,"column":5}},"type":"if","locations":[{"start":{"line":6,"column":4},"end":{"line":10,"column":5}},{"start":{"line":8,"column":9},"end":{"line":10,"column":5}}],"line":6}},"s":{"0":2,"1":2,"2":1,"3":1},"f":{"0":2},"b":{"0":[1,1]},"_coverageSchema":"1a1c01bbd47fc00a2c39e90264f33305004495a9","hash":"f61183c4cf3dd24009860c62104e679565e18585"}
}
